<?xml version="1.0" encoding="UTF-8"?>
<testsuite name="Yo como usuario quiero crear una nueva Business Unit y crear una reunion" tests="1" skipped="0" failures="0" errors="0" timestamp="2022-02-10T11:06:07" hostname="DESKTOP-VKQ12JP" time="23.616">
  <properties/>
  <testcase name="yo como usuario quiero crear una business unit" classname="Yo como usuario quiero crear una nueva Business Unit y crear una reunion" time="23.616"/>
  <system-out><![CDATA[]]></system-out>
  <system-err><![CDATA[feb 10, 2022 6:06:07 AM org.openqa.selenium.remote.DesiredCapabilities chrome
INFORMACIÓN: Using `new ChromeOptions()` is preferred to `DesiredCapabilities.chrome()`
Starting ChromeDriver 98.0.4758.80 (7f0488e8ba0d8e019187c6325a16c29d9b7f4989-refs/branch-heads/4758@{#972}) on port 23745
Only local connections are allowed.
Please see https://chromedriver.chromium.org/security-considerations for suggestions on keeping ChromeDriver safe.
ChromeDriver was started successfully.
feb 10, 2022 6:06:09 AM org.openqa.selenium.remote.ProtocolHandshake createSession
INFORMACIÓN: Detected dialect: W3C
]]></system-err>
</testsuite>
